android/app/build/outputs/mapping/release/seeds.txt
com.servervolts.MainActivity
com.servervolts.MainApplication
com.servervolts.MainApplication: MainApplication()
com.servervolts.MainActivity: MainActivity()
...
com.facebook.react.bridge.CatalystInstanceImpl: void callFunction(java.lang.String,java.lang.String,com.facebook.react.bridge.NativeArray)
com.facebook.fbreact.specs.NativeAccessibilityManagerSpec: void getCurrentBoldTextState(com.facebook.react.bridge.Callback,com.facebook.react.bridge.Callback)
com.facebook.imagepipeline.nativecode.NativeJpegTranscoderFactory: NativeJpegTranscoderFactory(int,boolean,boolean)
com.facebook.react.views.drawer.ReactDrawerLayoutManager: java.lang.String getName()
androidx.constraintlayout.widget.ConstraintLayout: void setConstraintSet(androidx.constraintlayout.widget.ConstraintSet)
androidx.lifecycle.LifecycleDispatcher$DispatcherActivityCallback: LifecycleDispatcher$DispatcherActivityCallback()
com.facebook.fbreact.specs.NativeBlobModuleSpec: void createFromParts(com.facebook.react.bridge.ReadableArray,java.lang.String)
com.facebook.react.modules.vibration.VibrationModule: void vibrate(double)
com.swmansion.gesturehandler.react.RNGestureHandlerButtonViewManager$ButtonViewGroup: void setBorderRadius(float)
com.swmansion.rnscreens.utils.ScreenDummyLayoutHelper: float computeDummyLayout(int,boolean)
androidx.appcompat.widget.AppCompatImageView: void setImageDrawable(android.graphics.drawable.Drawable)
com.swmansion.gesturehandler.react.RNGestureHandlerButtonViewManager$ButtonViewGroup: void setBorderStyle(java.lang.String)
com.facebook.react.views.text.frescosupport.FrescoBasedReactTextInlineImageViewManager: com.facebook.react.views.text.frescosupport.FrescoBasedReactTextInlineImageShadowNode createShadowNodeInstance()
com.facebook.react.modules.fresco.FrescoModule: com.facebook.imagepipeline.core.ImagePipelineConfig getDefaultConfig(com.facebook.react.bridge.ReactContext)
androidx.appcompat.widget.SwitchCompat: void setEmojiCompatEnabled(boolean)
com.facebook.react.uimanager.BaseViewManager: void setBackgroundColor(android.view.View,int)
com.facebook.react.views.textinput.ReactEditText: void setEventDispatcher(com.facebook.react.uimanager.events.EventDispatcher)
com.google.android.material.chip.ChipGroup: void setSingleLine(boolean)
com.google.android.material.chip.Chip: void setChipIconSize(float)
com.facebook.react.modules.image.ImageLoaderModule: void registerRequest(int,com.facebook.datasource.DataSource)
com.th3rdwave.safeareacontext.SafeAreaProviderManager: com.facebook.react.viewmanagers.RNCSafeAreaProviderManagerDelegate getDelegate()
com.facebook.react.modules.blob.FileReaderModule: com.facebook.react.modules.blob.BlobModule getBlobModule(java.lang.String)
com.swmansion.gesturehandler.react.RNGestureHandlerModule: com.swmansion.gesturehandler.react.RNGestureHandlerRootHelper findRootHelperForViewAncestor(int)
com.facebook.react.modules.blob.BlobModule: byte[] resolve(android.net.Uri)
com.swmansion.rnscreens.ScreenStackHeaderConfigViewManager: int getChildCount(android.view.View)
com.facebook.react.bridge.ReactMarker: void logMarker(com.facebook.react.bridge.ReactMarkerConstants,int)
com.facebook.react.views.view.ReactViewManager: void setNativeForeground(com.facebook.react.views.view.ReactViewGroup,com.facebook.react.bridge.ReadableMap)
com.swmansion.rnscreens.SearchBarManager: void blur(android.view.View)
com.google.android.material.chip.Chip: void setTextAppearance(com.google.android.material.resources.TextAppearance)
com.swmansion.rnscreens.Screen: void setTransitioning(boolean)
com.facebook.react.views.scroll.ReactScrollViewManager: void setBorderStyle(com.facebook.react.views.scroll.ReactScrollView,java.lang.String)
com.facebook.react.bridge.NotThreadSafeBridgeIdleDebugListener: void onBridgeDestroyed()
com.facebook.react.animated.NativeAnimatedModule: void setAnimatedNodeValue(double,double)
androidx.appcompat.widget.AppCompatRadioButton: android.graphics.PorterDuff$Mode getSupportBackgroundTintMode()
com.facebook.react.bridge.Inspector$LocalConnection: void disconnect()
com.facebook.react.views.textinput.ReactEditText: void setAutoFocus(boolean)