android/app/build/outputs/mapping/release/usage.txt
com.servervolts.BuildConfig
com.servervolts.R$drawable
com.servervolts.R$integer
com.servervolts.R$mipmap
com.servervolts.R$string
com.servervolts.R$style
com.servervolts.R$xml
com.servervolts.R
com.servervolts.MainActivity:
    public static com.facebook.react.defaults.DefaultReactActivityDelegate createReactActivityDelegate()
    public static java.lang.String getMainComponentName()
    public static void invokeDefaultOnBackPressed$com$facebook$react$ReactActivity()
    public final void requestPermissions(java.lang.String[],int,com.facebook.react.modules.permissions.PermissionsModule)
    public static void requestPermissions$com$facebook$react$ReactActivity()
com.servervolts.MainApplication$reactNativeHost$1:
    public final boolean isNewArchEnabled
    public final com.facebook.react.JSEngineResolutionAlgorithm getJSEngineResolutionAlgorithm()
    public static com.facebook.react.JSEngineResolutionAlgorithm getJSEngineResolutionAlgorithm$com$facebook$react$defaults$DefaultReactNativeHost()
    public final java.lang.String getJSMainModuleName()
    public final synthetic bridge com.facebook.react.defaults.DefaultTurboModuleManagerDelegate$Builder getReactPackageTurboModuleManagerDelegateBuilder()
    public static com.facebook.react.defaults.DefaultTurboModuleManagerDelegate$Builder getReactPackageTurboModuleManagerDelegateBuilder$com$facebook$react$defaults$DefaultReactNativeHost()
    public final synthetic bridge com.facebook.react.bridge.UIManagerProvider getUIManagerProvider()
    public static com.facebook.react.bridge.UIManagerProvider getUIManagerProvider$com$facebook$react$defaults$DefaultReactNativeHost()
    public final boolean getUseDeveloperSupport()
    public static java.lang.Boolean isHermesEnabled()
    public static boolean isNewArchEnabled()
    public static com.facebook.react.ReactHost toReactHost()
    public static com.facebook.react.ReactHost toReactHost$com$facebook$react$defaults$DefaultReactNativeHost()
com.servervolts.MainApplication:
    public final com.facebook.react.ReactHost getReactHost()
    public final com.facebook.react.ReactNativeHost getReactNativeHost()
...
com.facebook.react.jstasks.LinearCountingRetryPolicy
com.facebook.react.jstasks.NoRetryPolicy
com.facebook.react.module.annotations.ReactModuleList
com.facebook.react.module.model.ReactModuleInfo:
    public boolean hasConstants()
com.facebook.react.modules.blob.BlobCollector:
    void <init>()
com.facebook.react.modules.blob.BlobProvider$1
com.facebook.react.modules.blob.BlobProvider
com.facebook.react.modules.common.ModuleDataCleaner$Cleanable
com.facebook.react.modules.common.ModuleDataCleaner
com.facebook.react.modules.core.ChoreographerCompat
com.facebook.react.modules.core.JavaTimerManager:
    private static final float FRAME_DURATION_MS
    private static final float IDLE_CALLBACK_FRAME_DEADLINE_MS
com.facebook.react.modules.core.PermissionAwareActivity:
    public abstract int checkPermission(java.lang.String,int,int)
    public abstract int checkSelfPermission(java.lang.String)
com.facebook.react.modules.debug.DevSettingsModule$2:
    public void onOptionSelected()
com.facebook.react.modules.debug.FpsDebugFrameCallback:
    private static final double DEFAULT_FPS
    public int get4PlusFrameStutters()
    public void reset()
com.facebook.react.modules.debug.interfaces.DeveloperSettings:
    public abstract void addMenuItem(java.lang.String)
    public abstract boolean isDeviceDebugEnabled()
    public abstract boolean isElementInspectorEnabled()
    public abstract boolean isFpsDebugEnabled()
    public abstract boolean isJSDevModeEnabled()
    public abstract boolean isJSMinifyEnabled()
    public abstract boolean isStartSamplingProfilerOnInit()
com.facebook.react.modules.dialog.AlertFragment:
    static final java.lang.String ARG_BUTTON_NEGATIVE
    static final java.lang.String ARG_BUTTON_NEUTRAL
    static final java.lang.String ARG_BUTTON_POSITIVE
    static final java.lang.String ARG_ITEMS
    static final java.lang.String ARG_MESSAGE
    static final java.lang.String ARG_TITLE
com.facebook.react.modules.fresco.ReactOkHttpNetworkFetcher:
    private static final java.lang.String TAG
com.facebook.react.modules.i18nmanager.I18nUtil:
    private static final java.lang.String KEY_FOR_PERFS_MAKE_RTL_FLIP_LEFT_AND_RIGHT_STYLES
    private static final java.lang.String KEY_FOR_PREFS_ALLOWRTL
    private static final java.lang.String KEY_FOR_PREFS_FORCERTL
    private static final java.lang.String SHARED_PREFS_NAME
com.facebook.react.modules.network.ForwardingCookieHandler:
    private static final java.lang.String COOKIE_HEADER
    private static final java.lang.String VERSION_ONE_HEADER
    private static final java.lang.String VERSION_ZERO_HEADER
com.facebook.react.modules.network.HeaderUtil:
    void <init>()
com.facebook.react.modules.network.NetworkingModule$CustomClientBuilder
com.facebook.react.modules.network.OkHttpClientProvider:
    private static okhttp3.OkHttpClient sClient
    public void <init>()
    public static okhttp3.OkHttpClient getOkHttpClient()
    public static void setOkHttpClientFactory(com.facebook.react.modules.network.OkHttpClientFactory)
com.facebook.react.modules.network.ProgressiveStringDecoder:
    private static final java.lang.String EMPTY_STRING
com.facebook.react.modules.network.RequestBodyUtil:
    private static final java.lang.String CONTENT_ENCODING_GZIP
    private static final java.lang.String NAME
    private static final java.lang.String TEMP_FILE_SUFFIX
    void <init>()
com.facebook.react.modules.network.ResponseUtil:
    public void <init>()
com.facebook.react.modules.network.TLSSocketFactory
com.facebook.react.modules.systeminfo.AndroidInfoHelpers:
    public static final java.lang.String DEVICE_LOCALHOST
    public static final java.lang.String EMULATOR_LOCALHOST
    public static final java.lang.String GENYMOTION_LOCALHOST
    public static final java.lang.String METRO_HOST_PROP_NAME
    public void <init>()
    public static java.lang.String getServerHost(java.lang.Integer)
com.facebook.react.modules.systeminfo.ReactNativeVersion:
    public void <init>()